<?xml version="1.0" encoding="UTF-8"?>
<!-- Generated by org.testng.reporters.JUnitReportReporter -->
<testsuite hostname="Raj-PC" name="test.TestCaseExample" tests="1" failures="0" timestamp="23 Jan 2015 21:19:13 GMT" time="34.214" errors="0">
  <testcase name="TestCase1" time="34.214" classname="test.TestCaseExample"/>
</testsuite> <!-- test.TestCaseExample -->
